c:\users\k64066333\source\repos\windowsproject2\windowsproject2\debug\vc141.pdb
c:\users\k64066333\source\repos\windowsproject2\windowsproject2\debug\vc141.idb
c:\users\k64066333\source\repos\windowsproject2\windowsproject2\debug\windowsproject2.obj
c:\users\k64066333\source\repos\windowsproject2\windowsproject2\debug\usermodel.obj
c:\users\k64066333\source\repos\windowsproject2\windowsproject2\debug\processmodel.obj
c:\users\k64066333\source\repos\windowsproject2\windowsproject2\debug\outputpage.obj
c:\users\k64066333\source\repos\windowsproject2\windowsproject2\debug\loginpage.obj
c:\users\k64066333\source\repos\windowsproject2\windowsproject2\debug\inputpage.obj
c:\users\k64066333\source\repos\windowsproject2\windowsproject2\debug\homepage.obj
c:\users\k64066333\source\repos\windowsproject2\windowsproject2\debug\faultmodel.obj
c:\users\k64066333\source\repos\windowsproject2\windowsproject2\debug\equipmodel.obj
c:\users\k64066333\source\repos\windowsproject2\windowsproject2\debug\employeemodel.obj
c:\users\k64066333\source\repos\windowsproject2\windowsproject2\debug\dbhandler.obj
c:\users\k64066333\source\repos\windowsproject2\windowsproject2\debug\datamodel.obj
c:\users\k64066333\source\repos\windowsproject2\windowsproject2\debug\base64.obj
c:\users\k64066333\source\repos\windowsproject2\windowsproject2\debug\adminpage.obj
c:\users\k64066333\source\repos\windowsproject2\debug\windowsproject2.exe
c:\users\k64066333\source\repos\windowsproject2\debug\windowsproject2.ilk
c:\users\k64066333\source\repos\windowsproject2\debug\windowsproject2.pdb
c:\users\k64066333\source\repos\windowsproject2\windowsproject2\debug\windowsproject2.res
c:\users\k64066333\source\repos\windowsproject2\windowsproject2\debug\windowsproject2.tlog\cl.command.1.tlog
c:\users\k64066333\source\repos\windowsproject2\windowsproject2\debug\windowsproject2.tlog\cl.read.1.tlog
c:\users\k64066333\source\repos\windowsproject2\windowsproject2\debug\windowsproject2.tlog\cl.write.1.tlog
c:\users\k64066333\source\repos\windowsproject2\windowsproject2\debug\windowsproject2.tlog\link.command.1.tlog
c:\users\k64066333\source\repos\windowsproject2\windowsproject2\debug\windowsproject2.tlog\link.read.1.tlog
c:\users\k64066333\source\repos\windowsproject2\windowsproject2\debug\windowsproject2.tlog\link.write.1.tlog
c:\users\k64066333\source\repos\windowsproject2\windowsproject2\debug\windowsproject2.tlog\rc.command.1.tlog
c:\users\k64066333\source\repos\windowsproject2\windowsproject2\debug\windowsproject2.tlog\rc.read.1.tlog
c:\users\k64066333\source\repos\windowsproject2\windowsproject2\debug\windowsproject2.tlog\rc.write.1.tlog
