c:\users\k64066333\source\repos\windowsproject2\windowsproject2\release\vc141.pdb
c:\users\k64066333\source\repos\windowsproject2\windowsproject2\release\windowsproject2.obj
c:\users\k64066333\source\repos\windowsproject2\windowsproject2\release\usermodel.obj
c:\users\k64066333\source\repos\windowsproject2\windowsproject2\release\respmodel.obj
c:\users\k64066333\source\repos\windowsproject2\windowsproject2\release\processmodel.obj
c:\users\k64066333\source\repos\windowsproject2\windowsproject2\release\outputpage.obj
c:\users\k64066333\source\repos\windowsproject2\windowsproject2\release\loginpage.obj
c:\users\k64066333\source\repos\windowsproject2\windowsproject2\release\inputpage.obj
c:\users\k64066333\source\repos\windowsproject2\windowsproject2\release\homepage.obj
c:\users\k64066333\source\repos\windowsproject2\windowsproject2\release\faultmodel.obj
c:\users\k64066333\source\repos\windowsproject2\windowsproject2\release\equipmodel.obj
c:\users\k64066333\source\repos\windowsproject2\windowsproject2\release\employeemodel.obj
c:\users\k64066333\source\repos\windowsproject2\windowsproject2\release\dbhandler.obj
c:\users\k64066333\source\repos\windowsproject2\windowsproject2\release\datamodel.obj
c:\users\k64066333\source\repos\windowsproject2\windowsproject2\release\base64.obj
c:\users\k64066333\source\repos\windowsproject2\windowsproject2\release\adminpage.obj
c:\users\k64066333\source\repos\windowsproject2\release\windowsproject2.exe
c:\users\k64066333\source\repos\windowsproject2\release\windowsproject2.pdb
c:\users\k64066333\source\repos\windowsproject2\windowsproject2\release\windowsproject2.res
c:\users\k64066333\source\repos\windowsproject2\release\windowsproject2.ipdb
c:\users\k64066333\source\repos\windowsproject2\release\windowsproject2.iobj
c:\users\k64066333\source\repos\windowsproject2\windowsproject2\release\vcpkg.applocal.log
c:\users\k64066333\source\repos\windowsproject2\release\xlsxwriter.dll
c:\users\k64066333\source\repos\windowsproject2\release\zlib1.dll
c:\users\k64066333\source\repos\windowsproject2\windowsproject2\release\windowsproject2.tlog\cl.command.1.tlog
c:\users\k64066333\source\repos\windowsproject2\windowsproject2\release\windowsproject2.tlog\cl.read.1.tlog
c:\users\k64066333\source\repos\windowsproject2\windowsproject2\release\windowsproject2.tlog\cl.write.1.tlog
c:\users\k64066333\source\repos\windowsproject2\windowsproject2\release\windowsproject2.tlog\link.command.1.tlog
c:\users\k64066333\source\repos\windowsproject2\windowsproject2\release\windowsproject2.tlog\link.read.1.tlog
c:\users\k64066333\source\repos\windowsproject2\windowsproject2\release\windowsproject2.tlog\link.write.1.tlog
c:\users\k64066333\source\repos\windowsproject2\windowsproject2\release\windowsproject2.tlog\rc.command.1.tlog
c:\users\k64066333\source\repos\windowsproject2\windowsproject2\release\windowsproject2.tlog\rc.read.1.tlog
c:\users\k64066333\source\repos\windowsproject2\windowsproject2\release\windowsproject2.tlog\rc.write.1.tlog
c:\users\k64066333\source\repos\windowsproject2\windowsproject2\release\windowsproject2.tlog\windowsproject2.write.1u.tlog
